<?xml version="1.0" encoding="UTF-8"?>
<!-- Generated by org.testng.reporters.JUnitXMLReporter -->
<testsuite ignored="1" hostname="Ashiqs-MBP.lan" failures="0" tests="4" name="Surefire test" time="1.81" errors="0" timestamp="2024-12-05T23:28:43 GMT-05:00">
  <testcase classname="tests.ProductTest" name="verifyAddProduct" time="0.672"/>
  <testcase classname="tests.ProductTest" name="verifyAddProductMap" time="0.147"/>
  <testcase classname="tests.ProductTest" name="verifyEndToEndCallFlow" time="0.308"/>
  <testcase classname="tests.ProductTest" name="verifyGetRequest" time="0.491"/>
  <testcase classname="tests.BaseTest" name="@BeforeSuite preSetup" time="0.0">
    <ignored/>
  </testcase> <!-- @BeforeSuite preSetup -->
</testsuite> <!-- Surefire test -->
