<?xml version="1.0" encoding="UTF-8"?>
<!-- Generated by org.testng.reporters.JUnitXMLReporter -->
<testsuite ignored="0" hostname="Ashiqs-MBP.lan" failures="0" tests="4" name="Default test" time="1.478" errors="0" timestamp="2024-12-06T19:05:57 GMT-05:00">
  <testcase classname="tests.ProductTest" name="verifyAddProduct" time="0.467"/>
  <testcase classname="tests.ProductTest" name="verifyAddProductMap" time="0.138"/>
  <testcase classname="tests.ProductTest" name="verifyEndToEndCallFlow" time="0.307"/>
  <testcase classname="tests.ProductTest" name="verifyGetRequest" time="0.297"/>
</testsuite> <!-- Default test -->
