<?xml version="1.0" encoding="UTF-8"?>
<testng-results ignored="0" total="4" passed="4" failed="0" skipped="0">
  <reporter-output>
  </reporter-output>
  <suite started-at="2024-12-05T23:28:41 GMT-05:00" name="Surefire suite" finished-at="2024-12-05T23:28:43 GMT-05:00" duration-ms="1810">
    <groups>
    </groups>
    <test started-at="2024-12-05T23:28:41 GMT-05:00" name="Surefire test" finished-at="2024-12-05T23:28:43 GMT-05:00" duration-ms="1810">
      <class name="tests.ProductTest">
        <test-method is-config="true" signature="preSetup()[pri:0, instance:tests.ProductTest@53aad5d5]" started-at="2024-12-05T23:28:41 GMT-05:00" name="preSetup" finished-at="2024-12-05T23:28:41 GMT-05:00" duration-ms="59" status="PASS">
          <reporter-output>
          </reporter-output>
        </test-method> <!-- preSetup -->
        <test-method is-config="true" signature="setup()[pri:0, instance:tests.ProductTest@53aad5d5]" started-at="2024-12-05T23:28:41 GMT-05:00" name="setup" finished-at="2024-12-05T23:28:42 GMT-05:00" duration-ms="175" status="PASS">
          <reporter-output>
          </reporter-output>
        </test-method> <!-- setup -->
        <test-method signature="verifyAddProduct()[pri:0, instance:tests.ProductTest@53aad5d5]" started-at="2024-12-05T23:28:42 GMT-05:00" name="verifyAddProduct" finished-at="2024-12-05T23:28:42 GMT-05:00" duration-ms="672" status="PASS">
          <reporter-output>
          </reporter-output>
        </test-method> <!-- verifyAddProduct -->
        <test-method signature="verifyAddProductMap()[pri:0, instance:tests.ProductTest@53aad5d5]" started-at="2024-12-05T23:28:42 GMT-05:00" name="verifyAddProductMap" finished-at="2024-12-05T23:28:42 GMT-05:00" duration-ms="147" status="PASS">
          <reporter-output>
          </reporter-output>
        </test-method> <!-- verifyAddProductMap -->
        <test-method signature="verifyEndToEndCallFlow()[pri:0, instance:tests.ProductTest@53aad5d5]" started-at="2024-12-05T23:28:42 GMT-05:00" name="verifyEndToEndCallFlow" finished-at="2024-12-05T23:28:43 GMT-05:00" duration-ms="308" status="PASS">
          <reporter-output>
          </reporter-output>
        </test-method> <!-- verifyEndToEndCallFlow -->
        <test-method signature="verifyGetRequest()[pri:0, instance:tests.ProductTest@53aad5d5]" started-at="2024-12-05T23:28:43 GMT-05:00" name="verifyGetRequest" finished-at="2024-12-05T23:28:43 GMT-05:00" duration-ms="491" status="PASS">
          <reporter-output>
          </reporter-output>
        </test-method> <!-- verifyGetRequest -->
        <test-method is-config="true" signature="cleanUp()[pri:0, instance:tests.ProductTest@53aad5d5]" started-at="2024-12-05T23:28:43 GMT-05:00" name="cleanUp" finished-at="2024-12-05T23:28:43 GMT-05:00" duration-ms="1" status="PASS">
          <reporter-output>
          </reporter-output>
        </test-method> <!-- cleanUp -->
      </class> <!-- tests.ProductTest -->
    </test> <!-- Surefire test -->
  </suite> <!-- Surefire suite -->
</testng-results>
